# JRE version: OpenJDK Runtime Environment (7.0_85-b01) (build 1.7.0_85-b01)
# Java VM: OpenJDK 64-Bit Server VM (24.85-b03 mixed mode linux-amd64 compressed oops)
Heap
 PSYoungGen      total 260608K, used 11723K [0x00000000eaa80000, 0x00000000fe200000, 0x0000000100000000)
  eden space 230912K, 0% used [0x00000000eaa80000,0x00000000eaa80000,0x00000000f8c00000)
  from space 29696K, 39% used [0x00000000f9580000,0x00000000fa0f2dd0,0x00000000fb280000)
  to   space 44032K, 0% used [0x00000000fb700000,0x00000000fb700000,0x00000000fe200000)
 ParOldGen       total 82944K, used 82738K [0x00000000c0000000, 0x00000000c5100000, 0x00000000eaa80000)
  object space 82944K, 99% used [0x00000000c0000000,0x00000000c50cc9b8,0x00000000c5100000)
 PSPermGen       total 21504K, used 6293K [0x00000000b5a00000, 0x00000000b6f00000, 0x00000000c0000000)
  object space 21504K, 29% used [0x00000000b5a00000,0x00000000b6025440,0x00000000b6f00000)
GC Heap History (10 events):
Event: 9.497 GC heap after
Heap after GC invocations=6 (full 0):
 PSYoungGen      total 138240K, used 12061K [0x00000000eaa80000, 0x00000000f4280000, 0x0000000100000000)
  eden space 125440K, 0% used [0x00000000eaa80000,0x00000000eaa80000,0x00000000f2500000)
  from space 12800K, 94% used [0x00000000f3300000,0x00000000f3ec76f8,0x00000000f3f80000)
  to   space 14336K, 0% used [0x00000000f2500000,0x00000000f2500000,0x00000000f3300000)
 ParOldGen       total 39936K, used 26791K [0x00000000c0000000, 0x00000000c2700000, 0x00000000eaa80000)
  object space 39936K, 67% used [0x00000000c0000000,0x00000000c1a29c88,0x00000000c2700000)
 PSPermGen       total 21504K, used 6183K [0x00000000b5a00000, 0x00000000b6f00000, 0x00000000c0000000)
  object space 21504K, 28% used [0x00000000b5a00000,0x00000000b6009ff0,0x00000000b6f00000)
}
Event: 13.120 GC heap before
{Heap before GC invocations=7 (full 0):
 PSYoungGen      total 138240K, used 137501K [0x00000000eaa80000, 0x00000000f4280000, 0x0000000100000000)
  eden space 125440K, 100% used [0x00000000eaa80000,0x00000000f2500000,0x00000000f2500000)
  from space 12800K, 94% used [0x00000000f3300000,0x00000000f3ec76f8,0x00000000f3f80000)
  to   space 14336K, 0% used [0x00000000f2500000,0x00000000f2500000,0x00000000f3300000)
 ParOldGen       total 39936K, used 26791K [0x00000000c0000000, 0x00000000c2700000, 0x00000000eaa80000)
  object space 39936K, 67% used [0x00000000c0000000,0x00000000c1a29c88,0x00000000c2700000)
 PSPermGen       total 21504K, used 6261K [0x00000000b5a00000, 0x00000000b6f00000, 0x00000000c0000000)
  object space 21504K, 29% used [0x00000000b5a00000,0x00000000b601d610,0x00000000b6f00000)
Event: 13.268 GC heap after
Heap after GC invocations=7 (full 0):
 PSYoungGen      total 139776K, used 14317K [0x00000000eaa80000, 0x00000000fcf80000, 0x0000000100000000)
  eden space 125440K, 0% used [0x00000000eaa80000,0x00000000eaa80000,0x00000000f2500000)
  from space 14336K, 99% used [0x00000000f2500000,0x00000000f32fb4b8,0x00000000f3300000)
  to   space 24576K, 0% used [0x00000000fb780000,0x00000000fb780000,0x00000000fcf80000)
 ParOldGen       total 43008K, used 42726K [0x00000000c0000000, 0x00000000c2a00000, 0x00000000eaa80000)
  object space 43008K, 99% used [0x00000000c0000000,0x00000000c29b9848,0x00000000c2a00000)
 PSPermGen       total 21504K, used 6261K [0x00000000b5a00000, 0x00000000b6f00000, 0x00000000c0000000)
  object space 21504K, 29% used [0x00000000b5a00000,0x00000000b601d610,0x00000000b6f00000)
}
Event: 13.277 GC heap before
{Heap before GC invocations=8 (full 1):
 PSYoungGen      total 139776K, used 14317K [0x00000000eaa80000, 0x00000000fcf80000, 0x0000000100000000)
  eden space 125440K, 0% used [0x00000000eaa80000,0x00000000eaa80000,0x00000000f2500000)
  from space 14336K, 99% used [0x00000000f2500000,0x00000000f32fb4b8,0x00000000f3300000)
  to   space 24576K, 0% used [0x00000000fb780000,0x00000000fb780000,0x00000000fcf80000)
 ParOldGen       total 43008K, used 42726K [0x00000000c0000000, 0x00000000c2a00000, 0x00000000eaa80000)
  object space 43008K, 99% used [0x00000000c0000000,0x00000000c29b9848,0x00000000c2a00000)
 PSPermGen       total 21504K, used 6261K [0x00000000b5a00000, 0x00000000b6f00000, 0x00000000c0000000)
  object space 21504K, 29% used [0x00000000b5a00000,0x00000000b601d610,0x00000000b6f00000)
Event: 13.969 GC heap after
Heap after GC invocations=8 (full 1):
 PSYoungGen      total 139776K, used 6559K [0x00000000eaa80000, 0x00000000fcf80000, 0x0000000100000000)
  eden space 125440K, 0% used [0x00000000eaa80000,0x00000000eaa80000,0x00000000f2500000)
  from space 14336K, 45% used [0x00000000f2500000,0x00000000f2b67ce8,0x00000000f3300000)
  to   space 24576K, 0% used [0x00000000fb780000,0x00000000fb780000,0x00000000fcf80000)
 ParOldGen       total 82944K, used 42931K [0x00000000c0000000, 0x00000000c5100000, 0x00000000eaa80000)
  object space 82944K, 51% used [0x00000000c0000000,0x00000000c29ecc40,0x00000000c5100000)
 PSPermGen       total 21504K, used 6258K [0x00000000b5a00000, 0x00000000b6f00000, 0x00000000c0000000)
  object space 21504K, 29% used [0x00000000b5a00000,0x00000000b601c820,0x00000000b6f00000)
}
Event: 16.605 GC heap before
{Heap before GC invocations=9 (full 1):
 PSYoungGen      total 139776K, used 131999K [0x00000000eaa80000, 0x00000000fcf80000, 0x0000000100000000)
  eden space 125440K, 100% used [0x00000000eaa80000,0x00000000f2500000,0x00000000f2500000)
  from space 14336K, 45% used [0x00000000f2500000,0x00000000f2b67ce8,0x00000000f3300000)
  to   space 24576K, 0% used [0x00000000fb780000,0x00000000fb780000,0x00000000fcf80000)
 ParOldGen       total 82944K, used 42931K [0x00000000c0000000, 0x00000000c5100000, 0x00000000eaa80000)
  object space 82944K, 51% used [0x00000000c0000000,0x00000000c29ecc40,0x00000000c5100000)
 PSPermGen       total 21504K, used 6275K [0x00000000b5a00000, 0x00000000b6f00000, 0x00000000c0000000)
  object space 21504K, 29% used [0x00000000b5a00000,0x00000000b6020ec8,0x00000000b6f00000)
Event: 16.730 GC heap after
Heap after GC invocations=9 (full 1):
 PSYoungGen      total 205312K, used 24549K [0x00000000eaa80000, 0x00000000fcf80000, 0x0000000100000000)
  eden space 180736K, 0% used [0x00000000eaa80000,0x00000000eaa80000,0x00000000f5b00000)
  from space 24576K, 99% used [0x00000000fb780000,0x00000000fcf796d0,0x00000000fcf80000)
  to   space 29696K, 0% used [0x00000000f9580000,0x00000000f9580000,0x00000000fb280000)
 ParOldGen       total 82944K, used 44061K [0x00000000c0000000, 0x00000000c5100000, 0x00000000eaa80000)
  object space 82944K, 53% used [0x00000000c0000000,0x00000000c2b074f0,0x00000000c5100000)
 PSPermGen       total 21504K, used 6275K [0x00000000b5a00000, 0x00000000b6f00000, 0x00000000c0000000)
  object space 21504K, 29% used [0x00000000b5a00000,0x00000000b6020ec8,0x00000000b6f00000)
}
Event: 19.972 GC heap before
{Heap before GC invocations=10 (full 1):
 PSYoungGen      total 205312K, used 205285K [0x00000000eaa80000, 0x00000000fcf80000, 0x0000000100000000)
  eden space 180736K, 100% used [0x00000000eaa80000,0x00000000f5b00000,0x00000000f5b00000)
  from space 24576K, 99% used [0x00000000fb780000,0x00000000fcf796d0,0x00000000fcf80000)
  to   space 29696K, 0% used [0x00000000f9580000,0x00000000f9580000,0x00000000fb280000)
 ParOldGen       total 82944K, used 44061K [0x00000000c0000000, 0x00000000c5100000, 0x00000000eaa80000)
  object space 82944K, 53% used [0x00000000c0000000,0x00000000c2b074f0,0x00000000c5100000)
 PSPermGen       total 21504K, used 6293K [0x00000000b5a00000, 0x00000000b6f00000, 0x00000000c0000000)
  object space 21504K, 29% used [0x00000000b5a00000,0x00000000b6025740,0x00000000b6f00000)
Event: 20.147 GC heap after
Heap after GC invocations=10 (full 1):
 PSYoungGen      total 260608K, used 29670K [0x00000000eaa80000, 0x00000000fe200000, 0x0000000100000000)
  eden space 230912K, 0% used [0x00000000eaa80000,0x00000000eaa80000,0x00000000f8c00000)
  from space 29696K, 99% used [0x00000000f9580000,0x00000000fb279aa8,0x00000000fb280000)
  to   space 44032K, 0% used [0x00000000fb700000,0x00000000fb700000,0x00000000fe200000)
 ParOldGen       total 82944K, used 67467K [0x00000000c0000000, 0x00000000c5100000, 0x00000000eaa80000)
  object space 82944K, 81% used [0x00000000c0000000,0x00000000c41e2e98,0x00000000c5100000)
 PSPermGen       total 21504K, used 6293K [0x00000000b5a00000, 0x00000000b6f00000, 0x00000000c0000000)
  object space 21504K, 29% used [0x00000000b5a00000,0x00000000b6025740,0x00000000b6f00000)
}
Event: 20.147 GC heap before
{Heap before GC invocations=11 (full 2):
 PSYoungGen      total 260608K, used 29670K [0x00000000eaa80000, 0x00000000fe200000, 0x0000000100000000)
  eden space 230912K, 0% used [0x00000000eaa80000,0x00000000eaa80000,0x00000000f8c00000)
  from space 29696K, 99% used [0x00000000f9580000,0x00000000fb279aa8,0x00000000fb280000)
  to   space 44032K, 0% used [0x00000000fb700000,0x00000000fb700000,0x00000000fe200000)
 ParOldGen       total 82944K, used 67467K [0x00000000c0000000, 0x00000000c5100000, 0x00000000eaa80000)
  object space 82944K, 81% used [0x00000000c0000000,0x00000000c41e2e98,0x00000000c5100000)
 PSPermGen       total 21504K, used 6293K [0x00000000b5a00000, 0x00000000b6f00000, 0x00000000c0000000)
  object space 21504K, 29% used [0x00000000b5a00000,0x00000000b6025740,0x00000000b6f00000)

