# JRE version: OpenJDK Runtime Environment (7.0_85-b01) (build 1.7.0_85-b01)
# Java VM: OpenJDK 64-Bit Server VM (24.85-b03 mixed mode linux-amd64 compressed oops)
Heap
 PSYoungGen      total 250368K, used 10705K [0x00000000eaa80000, 0x00000000fd780000, 0x0000000100000000)
  eden space 221184K, 0% used [0x00000000eaa80000,0x00000000eaa80000,0x00000000f8280000)
  from space 29184K, 36% used [0x00000000f9580000,0x00000000f9ff4510,0x00000000fb200000)
  to   space 38400K, 0% used [0x00000000fb200000,0x00000000fb200000,0x00000000fd780000)
 ParOldGen       total 82944K, used 82798K [0x00000000c0000000, 0x00000000c5100000, 0x00000000eaa80000)
  object space 82944K, 99% used [0x00000000c0000000,0x00000000c50dba08,0x00000000c5100000)
 PSPermGen       total 21504K, used 6296K [0x00000000b5a00000, 0x00000000b6f00000, 0x00000000c0000000)
  object space 21504K, 29% used [0x00000000b5a00000,0x00000000b60263a0,0x00000000b6f00000)
GC Heap History (10 events):
Event: 8.529 GC heap after
Heap after GC invocations=6 (full 0):
 PSYoungGen      total 137216K, used 11991K [0x00000000eaa80000, 0x00000000f4280000, 0x0000000100000000)
  eden space 124928K, 0% used [0x00000000eaa80000,0x00000000eaa80000,0x00000000f2480000)
  from space 12288K, 97% used [0x00000000f3280000,0x00000000f3e35ce8,0x00000000f3e80000)
  to   space 14336K, 0% used [0x00000000f2480000,0x00000000f2480000,0x00000000f3280000)
 ParOldGen       total 39936K, used 26040K [0x00000000c0000000, 0x00000000c2700000, 0x00000000eaa80000)
  object space 39936K, 65% used [0x00000000c0000000,0x00000000c196e210,0x00000000c2700000)
 PSPermGen       total 21504K, used 6187K [0x00000000b5a00000, 0x00000000b6f00000, 0x00000000c0000000)
  object space 21504K, 28% used [0x00000000b5a00000,0x00000000b600ae20,0x00000000b6f00000)
}
Event: 11.736 GC heap before
{Heap before GC invocations=7 (full 0):
 PSYoungGen      total 137216K, used 136919K [0x00000000eaa80000, 0x00000000f4280000, 0x0000000100000000)
  eden space 124928K, 100% used [0x00000000eaa80000,0x00000000f2480000,0x00000000f2480000)
  from space 12288K, 97% used [0x00000000f3280000,0x00000000f3e35ce8,0x00000000f3e80000)
  to   space 14336K, 0% used [0x00000000f2480000,0x00000000f2480000,0x00000000f3280000)
 ParOldGen       total 39936K, used 26040K [0x00000000c0000000, 0x00000000c2700000, 0x00000000eaa80000)
  object space 39936K, 65% used [0x00000000c0000000,0x00000000c196e210,0x00000000c2700000)
 PSPermGen       total 21504K, used 6264K [0x00000000b5a00000, 0x00000000b6f00000, 0x00000000c0000000)
  object space 21504K, 29% used [0x00000000b5a00000,0x00000000b601e2f8,0x00000000b6f00000)
Event: 11.881 GC heap after
Heap after GC invocations=7 (full 0):
 PSYoungGen      total 139264K, used 14322K [0x00000000eaa80000, 0x00000000fce80000, 0x0000000100000000)
  eden space 124928K, 0% used [0x00000000eaa80000,0x00000000eaa80000,0x00000000f2480000)
  from space 14336K, 99% used [0x00000000f2480000,0x00000000f327cbf0,0x00000000f3280000)
  to   space 24576K, 0% used [0x00000000fb680000,0x00000000fb680000,0x00000000fce80000)
 ParOldGen       total 43008K, used 41911K [0x00000000c0000000, 0x00000000c2a00000, 0x00000000eaa80000)
  object space 43008K, 97% used [0x00000000c0000000,0x00000000c28edf40,0x00000000c2a00000)
 PSPermGen       total 21504K, used 6264K [0x00000000b5a00000, 0x00000000b6f00000, 0x00000000c0000000)
  object space 21504K, 29% used [0x00000000b5a00000,0x00000000b601e2f8,0x00000000b6f00000)
}
Event: 11.881 GC heap before
{Heap before GC invocations=8 (full 1):
 PSYoungGen      total 139264K, used 14322K [0x00000000eaa80000, 0x00000000fce80000, 0x0000000100000000)
  eden space 124928K, 0% used [0x00000000eaa80000,0x00000000eaa80000,0x00000000f2480000)
  from space 14336K, 99% used [0x00000000f2480000,0x00000000f327cbf0,0x00000000f3280000)
  to   space 24576K, 0% used [0x00000000fb680000,0x00000000fb680000,0x00000000fce80000)
 ParOldGen       total 43008K, used 41911K [0x00000000c0000000, 0x00000000c2a00000, 0x00000000eaa80000)
  object space 43008K, 97% used [0x00000000c0000000,0x00000000c28edf40,0x00000000c2a00000)
 PSPermGen       total 21504K, used 6264K [0x00000000b5a00000, 0x00000000b6f00000, 0x00000000c0000000)
  object space 21504K, 29% used [0x00000000b5a00000,0x00000000b601e2f8,0x00000000b6f00000)
Event: 12.620 GC heap after
Heap after GC invocations=8 (full 1):
 PSYoungGen      total 139264K, used 7058K [0x00000000eaa80000, 0x00000000fce80000, 0x0000000100000000)
  eden space 124928K, 0% used [0x00000000eaa80000,0x00000000eaa80000,0x00000000f2480000)
  from space 14336K, 49% used [0x00000000f2480000,0x00000000f2b648b0,0x00000000f3280000)
  to   space 24576K, 0% used [0x00000000fb680000,0x00000000fb680000,0x00000000fce80000)
 ParOldGen       total 82944K, used 42571K [0x00000000c0000000, 0x00000000c5100000, 0x00000000eaa80000)
  object space 82944K, 51% used [0x00000000c0000000,0x00000000c2992f68,0x00000000c5100000)
 PSPermGen       total 21504K, used 6261K [0x00000000b5a00000, 0x00000000b6f00000, 0x00000000c0000000)
  object space 21504K, 29% used [0x00000000b5a00000,0x00000000b601d668,0x00000000b6f00000)
}
Event: 15.123 GC heap before
{Heap before GC invocations=9 (full 1):
 PSYoungGen      total 139264K, used 131986K [0x00000000eaa80000, 0x00000000fce80000, 0x0000000100000000)
  eden space 124928K, 100% used [0x00000000eaa80000,0x00000000f2480000,0x00000000f2480000)
  from space 14336K, 49% used [0x00000000f2480000,0x00000000f2b648b0,0x00000000f3280000)
  to   space 24576K, 0% used [0x00000000fb680000,0x00000000fb680000,0x00000000fce80000)
 ParOldGen       total 82944K, used 42571K [0x00000000c0000000, 0x00000000c5100000, 0x00000000eaa80000)
  object space 82944K, 51% used [0x00000000c0000000,0x00000000c2992f68,0x00000000c5100000)
 PSPermGen       total 21504K, used 6280K [0x00000000b5a00000, 0x00000000b6f00000, 0x00000000c0000000)
  object space 21504K, 29% used [0x00000000b5a00000,0x00000000b6022058,0x00000000b6f00000)
Event: 15.230 GC heap after
Heap after GC invocations=9 (full 1):
 PSYoungGen      total 198656K, used 24567K [0x00000000eaa80000, 0x00000000fce80000, 0x0000000100000000)
  eden space 174080K, 0% used [0x00000000eaa80000,0x00000000eaa80000,0x00000000f5480000)
  from space 24576K, 99% used [0x00000000fb680000,0x00000000fce7dd50,0x00000000fce80000)
  to   space 29184K, 0% used [0x00000000f9580000,0x00000000f9580000,0x00000000fb200000)
 ParOldGen       total 82944K, used 43589K [0x00000000c0000000, 0x00000000c5100000, 0x00000000eaa80000)
  object space 82944K, 52% used [0x00000000c0000000,0x00000000c2a91410,0x00000000c5100000)
 PSPermGen       total 21504K, used 6280K [0x00000000b5a00000, 0x00000000b6f00000, 0x00000000c0000000)
  object space 21504K, 29% used [0x00000000b5a00000,0x00000000b6022058,0x00000000b6f00000)
}
Event: 18.322 GC heap before
{Heap before GC invocations=10 (full 1):
 PSYoungGen      total 198656K, used 198647K [0x00000000eaa80000, 0x00000000fce80000, 0x0000000100000000)
  eden space 174080K, 100% used [0x00000000eaa80000,0x00000000f5480000,0x00000000f5480000)
  from space 24576K, 99% used [0x00000000fb680000,0x00000000fce7dd50,0x00000000fce80000)
  to   space 29184K, 0% used [0x00000000f9580000,0x00000000f9580000,0x00000000fb200000)
 ParOldGen       total 82944K, used 43589K [0x00000000c0000000, 0x00000000c5100000, 0x00000000eaa80000)
  object space 82944K, 52% used [0x00000000c0000000,0x00000000c2a91410,0x00000000c5100000)
 PSPermGen       total 21504K, used 6297K [0x00000000b5a00000, 0x00000000b6f00000, 0x00000000c0000000)
  object space 21504K, 29% used [0x00000000b5a00000,0x00000000b6026680,0x00000000b6f00000)
Event: 18.576 GC heap after
Heap after GC invocations=10 (full 1):
 PSYoungGen      total 250368K, used 29165K [0x00000000eaa80000, 0x00000000fd780000, 0x0000000100000000)
  eden space 221184K, 0% used [0x00000000eaa80000,0x00000000eaa80000,0x00000000f8280000)
  from space 29184K, 99% used [0x00000000f9580000,0x00000000fb1fb710,0x00000000fb200000)
  to   space 38400K, 0% used [0x00000000fb200000,0x00000000fb200000,0x00000000fd780000)
 ParOldGen       total 82944K, used 67097K [0x00000000c0000000, 0x00000000c5100000, 0x00000000eaa80000)
  object space 82944K, 80% used [0x00000000c0000000,0x00000000c4186530,0x00000000c5100000)
 PSPermGen       total 21504K, used 6297K [0x00000000b5a00000, 0x00000000b6f00000, 0x00000000c0000000)
  object space 21504K, 29% used [0x00000000b5a00000,0x00000000b6026680,0x00000000b6f00000)
}
Event: 18.576 GC heap before
{Heap before GC invocations=11 (full 2):
 PSYoungGen      total 250368K, used 29165K [0x00000000eaa80000, 0x00000000fd780000, 0x0000000100000000)
  eden space 221184K, 0% used [0x00000000eaa80000,0x00000000eaa80000,0x00000000f8280000)
  from space 29184K, 99% used [0x00000000f9580000,0x00000000fb1fb710,0x00000000fb200000)
  to   space 38400K, 0% used [0x00000000fb200000,0x00000000fb200000,0x00000000fd780000)
 ParOldGen       total 82944K, used 67097K [0x00000000c0000000, 0x00000000c5100000, 0x00000000eaa80000)
  object space 82944K, 80% used [0x00000000c0000000,0x00000000c4186530,0x00000000c5100000)
 PSPermGen       total 21504K, used 6297K [0x00000000b5a00000, 0x00000000b6f00000, 0x00000000c0000000)
  object space 21504K, 29% used [0x00000000b5a00000,0x00000000b6026680,0x00000000b6f00000)

